<?xml version="1.0" encoding="UTF-8"?>
<testng-results skipped="0" failed="1" ignored="0" total="1" passed="0">
  <reporter-output>
    <line>
      <![CDATA[<a href='C:\Users\user\workspace\UITestAutomation\src\main\resources\screenshots\failure_screenshots\TS01_VerifyHotelBookingFormWithValidCredentials_25_01_2020_08_54_16.png'> <img src='C:\Users\user\workspace\UITestAutomation\src\main\resources\screenshots\failure_screenshots\TS01_VerifyHotelBookingFormWithValidCredentials_25_01_2020_08_54_16.png' height='100' width='100'/> </a>]]>
    </line>
  </reporter-output>
  <suite name="RegressionSuite" duration-ms="12835" started-at="2020-01-25T15:24:05Z" finished-at="2020-01-25T15:24:17Z">
    <groups>
    </groups>
    <test name="my hub spot test chrome" duration-ms="12835" started-at="2020-01-25T15:24:05Z" finished-at="2020-01-25T15:24:17Z">
      <class name="com.uiautomation.Tests.verifyhoteltestEqualExperts">
        <test-method status="PASS" signature="setUp()[pri:0, instance:com.uiautomation.Tests.verifyhoteltestEqualExperts@214b199c]" name="setUp" is-config="true" duration-ms="17830" started-at="2020-01-25T20:53:47Z" finished-at="2020-01-25T20:54:05Z">
          <reporter-output>
          </reporter-output>
        </test-method> <!-- setUp -->
        <test-method status="FAIL" signature="TS01_VerifyHotelBookingFormWithValidCredentials(java.lang.String, java.lang.String, java.lang.String, java.lang.String, java.lang.String, java.lang.String, java.lang.String, java.lang.String, java.lang.String, java.lang.String, java.lang.String, java.lang.String, java.lang.String, java.lang.String)[pri:0, instance:com.uiautomation.Tests.verifyhoteltestEqualExperts@214b199c]" name="TS01_VerifyHotelBookingFormWithValidCredentials" duration-ms="8135" started-at="2020-01-25T20:54:06Z" data-provider="savehoteldata" finished-at="2020-01-25T20:54:14Z">
          <params>
            <param index="0">
              <value>
                <![CDATA[Hotel booking form]]>
              </value>
            </param>
            <param index="1">
              <value>
                <![CDATA[Hotel booking form]]>
              </value>
            </param>
            <param index="2">
              <value>
                <![CDATA[Firstname]]>
              </value>
            </param>
            <param index="3">
              <value>
                <![CDATA[Stephen]]>
              </value>
            </param>
            <param index="4">
              <value>
                <![CDATA[Surname]]>
              </value>
            </param>
            <param index="5">
              <value>
                <![CDATA[Rodd]]>
              </value>
            </param>
            <param index="6">
              <value>
                <![CDATA[Price]]>
              </value>
            </param>
            <param index="7">
              <value>
                <![CDATA[90]]>
              </value>
            </param>
            <param index="8">
              <value>
                <![CDATA[Deposit]]>
              </value>
            </param>
            <param index="9">
              <value>
                <![CDATA[true]]>
              </value>
            </param>
            <param index="10">
              <value>
                <![CDATA[Check-in]]>
              </value>
            </param>
            <param index="11">
              <value>
                <![CDATA[2019-12-12]]>
              </value>
            </param>
            <param index="12">
              <value>
                <![CDATA[Check-out]]>
              </value>
            </param>
            <param index="13">
              <value>
                <![CDATA[2019-12-25]]>
              </value>
            </param>
          </params>
          <exception class="java.lang.AssertionError">
            <message>
              <![CDATA[The following asserts failed:
	expected [Check-out] but found [Stephen TVST],
	expected [Deposit] but found [904]]]>
            </message>
            <full-stacktrace>
              <![CDATA[java.lang.AssertionError: The following asserts failed:
	expected [Check-out] but found [Stephen TVST],
	expected [Deposit] but found [904]
	at org.testng.asserts.SoftAssert.assertAll(SoftAssert.java:43)
	at com.uiautomation.basePage.TestBase.assertAll(TestBase.java:113)
	at com.uiautomation.Tests.verifyhoteltestEqualExperts.TS01_VerifyHotelBookingFormWithValidCredentials(verifyhoteltestEqualExperts.java:111)
	at sun.reflect.NativeMethodAccessorImpl.invoke0(Native Method)
	at sun.reflect.NativeMethodAccessorImpl.invoke(NativeMethodAccessorImpl.java:62)
	at sun.reflect.DelegatingMethodAccessorImpl.invoke(DelegatingMethodAccessorImpl.java:43)
	at java.lang.reflect.Method.invoke(Method.java:498)
	at org.testng.internal.MethodInvocationHelper.invokeMethod(MethodInvocationHelper.java:104)
	at org.testng.internal.Invoker.invokeMethod(Invoker.java:645)
	at org.testng.internal.Invoker.invokeTestMethod(Invoker.java:851)
	at org.testng.internal.Invoker.invokeTestMethods(Invoker.java:1177)
	at org.testng.internal.TestMethodWorker.invokeTestMethods(TestMethodWorker.java:129)
	at org.testng.internal.TestMethodWorker.run(TestMethodWorker.java:112)
	at org.testng.TestRunner.privateRun(TestRunner.java:756)
	at org.testng.TestRunner.run(TestRunner.java:610)
	at org.testng.SuiteRunner.runTest(SuiteRunner.java:387)
	at org.testng.SuiteRunner.runSequentially(SuiteRunner.java:382)
	at org.testng.SuiteRunner.privateRun(SuiteRunner.java:340)
	at org.testng.SuiteRunner.run(SuiteRunner.java:289)
	at org.testng.SuiteRunnerWorker.runSuite(SuiteRunnerWorker.java:52)
	at org.testng.SuiteRunnerWorker.run(SuiteRunnerWorker.java:86)
	at org.testng.TestNG.runSuitesSequentially(TestNG.java:1293)
	at org.testng.TestNG.runSuitesLocally(TestNG.java:1218)
	at org.testng.TestNG.runSuites(TestNG.java:1133)
	at org.testng.TestNG.run(TestNG.java:1104)
	at org.testng.remote.AbstractRemoteTestNG.run(AbstractRemoteTestNG.java:132)
	at org.testng.remote.RemoteTestNG.initAndRun(RemoteTestNG.java:236)
	at org.testng.remote.RemoteTestNG.main(RemoteTestNG.java:81)
]]>
            </full-stacktrace>
          </exception> <!-- java.lang.AssertionError -->
          <reporter-output>
            <line>
              <![CDATA[<a href='C:\Users\user\workspace\UITestAutomation\src\main\resources\screenshots\failure_screenshots\TS01_VerifyHotelBookingFormWithValidCredentials_25_01_2020_08_54_16.png'> <img src='C:\Users\user\workspace\UITestAutomation\src\main\resources\screenshots\failure_screenshots\TS01_VerifyHotelBookingFormWithValidCredentials_25_01_2020_08_54_16.png' height='100' width='100'/> </a>]]>
            </line>
          </reporter-output>
        </test-method> <!-- TS01_VerifyHotelBookingFormWithValidCredentials -->
        <test-method status="PASS" signature="takeSnapShot(org.testng.ITestResult)[pri:0, instance:com.uiautomation.Tests.verifyhoteltestEqualExperts@214b199c]" name="takeSnapShot" is-config="true" duration-ms="387" started-at="2020-01-25T20:54:16Z" finished-at="2020-01-25T20:54:17Z">
          <params>
            <param index="0">
              <value>
                <![CDATA[[TestResult name=TS01_VerifyHotelBookingFormWithValidCredentials status=FAILURE method=verifyhoteltestEqualExperts.TS01_VerifyHotelBookingFormWithValidCredentials(java.lang.String, java.lang.String, java.lang.String, java.lang.String, java.lang.String, java.lang.String, java.lang.String, java.lang.String, java.lang.String, java.lang.String, java.lang.String, java.lang.String, java.lang.String, java.lang.String)[pri:0, instance:com.uiautomation.Tests.verifyhoteltestEqualExperts@214b199c] output=<a href='C:\Users\user\workspace\UITestAutomation\src\main\resources\screenshots\failure_screenshots\TS01_VerifyHotelBookingFormWithValidCredentials_25_01_2020_08_54_16.png'> <img src='C:\Users\user\workspace\UITestAutomation\src\main\resources\screenshots\failure_screenshots\TS01_VerifyHotelBookingFormWithValidCredentials_25_01_2020_08_54_16.png' height='100' width='100'/> </a>]]]>
              </value>
            </param>
          </params>
          <reporter-output>
          </reporter-output>
        </test-method> <!-- takeSnapShot -->
        <test-method status="PASS" signature="quit()[pri:0, instance:com.uiautomation.Tests.verifyhoteltestEqualExperts@214b199c]" name="quit" is-config="true" duration-ms="683" started-at="2020-01-25T20:54:17Z" finished-at="2020-01-25T20:54:17Z">
          <reporter-output>
          </reporter-output>
        </test-method> <!-- quit -->
      </class> <!-- com.uiautomation.Tests.verifyhoteltestEqualExperts -->
    </test> <!-- my hub spot test chrome -->
  </suite> <!-- RegressionSuite -->
</testng-results>
