<?xml version="1.0" encoding="UTF-8"?>
<!-- Generated by org.testng.reporters.JUnitXMLReporter -->
<testsuite hostname="DESKTOP-NOTMME9" ignored="0" name="my hub spot test chrome" tests="1" failures="1" timestamp="25 Jan 2020 15:24:18 GMT" time="12.835" errors="0">
  <testcase name="TS01_VerifyHotelBookingFormWithValidCredentials" time="8.135" classname="com.uiautomation.Tests.verifyhoteltestEqualExperts">
    <failure type="java.lang.AssertionError" message="The following asserts failed:
	expected [Check-out] but found [Stephen TVST],
	expected [Deposit] but found [904]">
      <![CDATA[java.lang.AssertionError: The following asserts failed:
	expected [Check-out] but found [Stephen TVST],
	expected [Deposit] but found [904]
	at com.uiautomation.basePage.TestBase.assertAll(TestBase.java:113)
	at com.uiautomation.Tests.verifyhoteltestEqualExperts.TS01_VerifyHotelBookingFormWithValidCredentials(verifyhoteltestEqualExperts.java:111)
... Removed 26 stack frames]]>
    </failure>
  </testcase> <!-- TS01_VerifyHotelBookingFormWithValidCredentials -->
</testsuite> <!-- my hub spot test chrome -->
